<?xml version="1.0" encoding="UTF-8"?>
<!-- Generated by org.testng.reporters.JUnitReportReporter -->
<testsuite hostname="DESKTOP-DQ56HI0" failures="0" tests="3" name="sel.TestNG_Basic" time="0.059" errors="0" timestamp="2020-04-30T16:41:59 AEST" skipped="0">
  <testcase classname="sel.TestNG_Basic" name="loginSuc" time="0.021"/>
  <system-out/>
  <testcase classname="sel.TestNG_Basic" name="loginSuc1" time="0.027"/>
  <system-out/>
  <testcase classname="sel.TestNG_Basic" name="loginSuc2" time="0.011"/>
  <system-out/>
</testsuite> <!-- sel.TestNG_Basic -->
