<?xml version="1.0" encoding="UTF-8"?>
<!-- Generated by org.testng.reporters.JUnitReportReporter -->
<testsuite hostname="DESKTOP-DQ56HI0" failures="0" tests="3" name="TestNG_Concept.TestNG_Basic" time="0.017" errors="0" timestamp="2020-05-01T12:09:39 AEST" skipped="0">
  <testcase classname="TestNG_Concept.TestNG_Basic" name="loginSuc1" time="0.006"/>
  <system-out/>
  <testcase classname="TestNG_Concept.TestNG_Basic" name="loginSuc2" time="0.006"/>
  <system-out/>
  <testcase classname="TestNG_Concept.TestNG_Basic" name="loginSuc" time="0.005"/>
  <system-out/>
</testsuite> <!-- TestNG_Concept.TestNG_Basic -->
