<?xml version="1.0" encoding="UTF-8"?>
<!-- Generated by org.testng.reporters.JUnitReportReporter -->
<testsuite hostname="DESKTOP-DQ56HI0" failures="0" tests="3" name="TestNG_Concept.GoogleTest" time="22.398" errors="0" timestamp="2020-05-01T12:09:39 AEST" skipped="0">
  <testcase classname="TestNG_Concept.GoogleTest" name="pageTitle" time="7.286"/>
  <system-out/>
  <testcase classname="TestNG_Concept.GoogleTest" name="linkTest" time="8.302"/>
  <system-out/>
  <testcase classname="TestNG_Concept.GoogleTest" name="logo" time="6.810"/>
  <system-out/>
</testsuite> <!-- TestNG_Concept.GoogleTest -->
